[22:06:15] [main/WARN]: Ambiguity between arguments [teleport, destination] and [teleport, targets] with inputs: [Player, 0123, @e, dd12be42-52a9-4a91-a8a1-11c01849e498]
[22:06:15] [main/WARN]: Ambiguity between arguments [teleport, location] and [teleport, destination] with inputs: [0.1 -0.5 .9, 0 0 0]
[22:06:15] [main/WARN]: Ambiguity between arguments [teleport, location] and [teleport, targets] with inputs: [0.1 -0.5 .9, 0 0 0]
[22:06:16] [main/WARN]: Ambiguity between arguments [teleport, targets] and [teleport, destination] with inputs: [Player, 0123, dd12be42-52a9-4a91-a8a1-11c01849e498]
[22:06:16] [main/WARN]: Ambiguity between arguments [teleport, targets, location] and [teleport, targets, destination] with inputs: [0.1 -0.5 .9, 0 0 0]
[22:06:16] [main/INFO]: Loaded 0 recipes
[22:06:16] [main/INFO]: Loaded 0 advancements
[22:06:16] [Server thread/INFO]: Starting minecraft server version 1.13.1
[22:06:16] [Server thread/INFO]: Loading properties
[22:06:16] [Server thread/WARN]: You specified a resource pack without providing a sha1 hash. Pack will be updated on the client only if you change the name of the pack.
[22:06:16] [Server thread/INFO]: Default game type: SURVIVAL
[22:06:16] [Server thread/INFO]: Generating keypair
[22:06:16] [Server thread/INFO]: Starting Minecraft server on *:25567
[22:06:16] [Server thread/INFO]: Using default channel type
[22:06:17] [Server thread/INFO]: Preparing level "world"
[22:06:17] [Server thread/INFO]: Reloading ResourceManager: Default, multiplayersleep
[22:06:18] [Server thread/INFO]: Loaded 524 recipes
[22:06:18] [Server thread/INFO]: Loaded 8 custom command functions
[22:06:19] [Server thread/INFO]: Loaded 573 advancements
[22:06:19] [Server thread/INFO]: Preparing start region for dimension minecraft:overworld
[22:06:19] [Server thread/INFO]: Preparing spawn area: 4%
[22:06:19] [Server thread/INFO]: Preparing spawn area: 8%
[22:06:19] [Server thread/INFO]: Preparing spawn area: 12%
[22:06:19] [Server thread/INFO]: Preparing spawn area: 16%
[22:06:19] [Server thread/INFO]: Preparing spawn area: 20%
[22:06:19] [Server thread/INFO]: Preparing spawn area: 24%
[22:06:19] [Server thread/INFO]: Preparing spawn area: 28%
[22:06:19] [Server thread/INFO]: Preparing spawn area: 32%
[22:06:19] [Server thread/INFO]: Preparing spawn area: 36%
[22:06:19] [Server thread/INFO]: Preparing spawn area: 40%
[22:06:19] [Server thread/INFO]: Preparing spawn area: 44%
[22:06:20] [Server thread/INFO]: Preparing spawn area: 48%
[22:06:20] [Server thread/INFO]: Preparing spawn area: 52%
[22:06:20] [Server thread/INFO]: Preparing spawn area: 56%
[22:06:20] [Server thread/INFO]: Preparing spawn area: 60%
[22:06:20] [Server thread/INFO]: Preparing spawn area: 64%
[22:06:20] [Server thread/INFO]: Preparing spawn area: 68%
[22:06:20] [Server thread/INFO]: Preparing spawn area: 72%
[22:06:20] [Server thread/INFO]: Preparing spawn area: 76%
[22:06:20] [Server thread/INFO]: Preparing spawn area: 80%
[22:06:20] [Server thread/INFO]: Preparing spawn area: 84%
[22:06:20] [Server thread/INFO]: Preparing spawn area: 88%
[22:06:20] [Server thread/INFO]: Preparing spawn area: 92%
[22:06:20] [Server thread/INFO]: Preparing spawn area: 96%
[22:06:20] [Server thread/INFO]: Preparing spawn area: 100%
[22:06:20] [Server thread/INFO]: Time elapsed: 896 ms
[22:06:20] [Server thread/INFO]: Done (3.140s)! For help, type "help"
