[21:44:51] [main/WARN]: Ambiguity between arguments [teleport, destination] and [teleport, targets] with inputs: [Player, 0123, @e, dd12be42-52a9-4a91-a8a1-11c01849e498]
[21:44:51] [main/WARN]: Ambiguity between arguments [teleport, location] and [teleport, destination] with inputs: [0.1 -0.5 .9, 0 0 0]
[21:44:51] [main/WARN]: Ambiguity between arguments [teleport, location] and [teleport, targets] with inputs: [0.1 -0.5 .9, 0 0 0]
[21:44:51] [main/WARN]: Ambiguity between arguments [teleport, targets] and [teleport, destination] with inputs: [Player, 0123, dd12be42-52a9-4a91-a8a1-11c01849e498]
[21:44:51] [main/WARN]: Ambiguity between arguments [teleport, targets, location] and [teleport, targets, destination] with inputs: [0.1 -0.5 .9, 0 0 0]
[21:44:51] [main/INFO]: Loaded 0 recipes
[21:44:51] [main/INFO]: Loaded 0 advancements
[21:44:51] [Server thread/INFO]: Starting minecraft server version 1.13.1
[21:44:51] [Server thread/INFO]: Loading properties
[21:44:51] [Server thread/WARN]: You specified a resource pack without providing a sha1 hash. Pack will be updated on the client only if you change the name of the pack.
[21:44:51] [Server thread/INFO]: Default game type: SURVIVAL
[21:44:51] [Server thread/INFO]: Generating keypair
[21:44:51] [Server thread/INFO]: Starting Minecraft server on *:25567
[21:44:51] [Server thread/INFO]: Using default channel type
[21:44:52] [Server thread/INFO]: Preparing level "world"
[21:44:52] [Server thread/INFO]: Reloading ResourceManager: Default, multiplayersleep
[21:44:53] [Server thread/INFO]: Loaded 524 recipes
[21:44:54] [Server thread/INFO]: Loaded 8 custom command functions
[21:44:55] [Server thread/INFO]: Loaded 573 advancements
[21:44:55] [Server thread/INFO]: Preparing start region for dimension minecraft:overworld
[21:44:55] [Server thread/INFO]: Preparing spawn area: 4%
[21:44:55] [Server thread/INFO]: Preparing spawn area: 8%
[21:44:55] [Server thread/INFO]: Preparing spawn area: 12%
[21:44:55] [Server thread/INFO]: Preparing spawn area: 16%
[21:44:55] [Server thread/INFO]: Preparing spawn area: 20%
[21:44:55] [Server thread/INFO]: Preparing spawn area: 24%
[21:44:55] [Server thread/INFO]: Preparing spawn area: 28%
[21:44:55] [Server thread/INFO]: Preparing spawn area: 32%
[21:44:55] [Server thread/INFO]: Preparing spawn area: 36%
[21:44:55] [Server thread/INFO]: Preparing spawn area: 40%
[21:44:55] [Server thread/INFO]: Preparing spawn area: 44%
[21:44:55] [Server thread/INFO]: Preparing spawn area: 48%
[21:44:55] [Server thread/INFO]: Preparing spawn area: 52%
[21:44:55] [Server thread/INFO]: Preparing spawn area: 56%
[21:44:55] [Server thread/INFO]: Preparing spawn area: 60%
[21:44:56] [Server thread/INFO]: Preparing spawn area: 64%
[21:44:56] [Server thread/INFO]: Preparing spawn area: 68%
[21:44:56] [Server thread/INFO]: Preparing spawn area: 72%
[21:44:56] [Server thread/INFO]: Preparing spawn area: 76%
[21:44:56] [Server thread/INFO]: Preparing spawn area: 80%
[21:44:56] [Server thread/INFO]: Preparing spawn area: 84%
[21:44:56] [Server thread/INFO]: Preparing spawn area: 88%
[21:44:56] [Server thread/INFO]: Preparing spawn area: 92%
[21:44:56] [Server thread/INFO]: Preparing spawn area: 96%
[21:44:56] [Server thread/INFO]: Preparing spawn area: 100%
[21:44:56] [Server thread/INFO]: Time elapsed: 1046 ms
[21:44:56] [Server thread/INFO]: Done (3.805s)! For help, type "help"
