[13:39:02] [main/WARN]: Ambiguity between arguments [teleport, destination] and [teleport, targets] with inputs: [Player, 0123, @e, dd12be42-52a9-4a91-a8a1-11c01849e498]
[13:39:02] [main/WARN]: Ambiguity between arguments [teleport, location] and [teleport, destination] with inputs: [0.1 -0.5 .9, 0 0 0]
[13:39:02] [main/WARN]: Ambiguity between arguments [teleport, location] and [teleport, targets] with inputs: [0.1 -0.5 .9, 0 0 0]
[13:39:02] [main/WARN]: Ambiguity between arguments [teleport, targets] and [teleport, destination] with inputs: [Player, 0123, dd12be42-52a9-4a91-a8a1-11c01849e498]
[13:39:02] [main/WARN]: Ambiguity between arguments [teleport, targets, location] and [teleport, targets, destination] with inputs: [0.1 -0.5 .9, 0 0 0]
[13:39:02] [main/INFO]: Loaded 0 recipes
[13:39:02] [main/INFO]: Loaded 0 advancements
[13:39:02] [Server thread/INFO]: Starting minecraft server version 1.13.1
[13:39:02] [Server thread/INFO]: Loading properties
[13:39:02] [Server thread/WARN]: You specified a resource pack without providing a sha1 hash. Pack will be updated on the client only if you change the name of the pack.
[13:39:02] [Server thread/INFO]: Default game type: SURVIVAL
[13:39:02] [Server thread/INFO]: Generating keypair
[13:39:02] [Server thread/INFO]: Starting Minecraft server on *:25567
[13:39:02] [Server thread/INFO]: Using default channel type
[13:39:03] [Server thread/INFO]: Preparing level "world"
[13:39:04] [Server thread/INFO]: Reloading ResourceManager: Default, multiplayersleep
[13:39:05] [Server thread/INFO]: Loaded 524 recipes
[13:39:05] [Server thread/INFO]: Loaded 8 custom command functions
[13:39:06] [Server thread/INFO]: Loaded 573 advancements
[13:39:08] [Server thread/INFO]: Preparing start region for dimension minecraft:overworld
[13:39:09] [Server thread/INFO]: Preparing spawn area: 4%
[13:39:10] [Server thread/INFO]: Preparing spawn area: 8%
[13:39:10] [Server thread/INFO]: Preparing spawn area: 12%
[13:39:10] [Server thread/INFO]: Preparing spawn area: 16%
[13:39:11] [Server thread/INFO]: Preparing spawn area: 20%
[13:39:11] [Server thread/INFO]: Preparing spawn area: 24%
[13:39:11] [Server thread/INFO]: Preparing spawn area: 28%
[13:39:11] [Server thread/INFO]: Preparing spawn area: 32%
[13:39:11] [Server thread/INFO]: Preparing spawn area: 36%
[13:39:11] [Server thread/INFO]: Preparing spawn area: 40%
[13:39:11] [Server thread/INFO]: Preparing spawn area: 44%
[13:39:11] [Server thread/INFO]: Preparing spawn area: 48%
[13:39:11] [Server thread/INFO]: Preparing spawn area: 52%
[13:39:11] [Server thread/INFO]: Preparing spawn area: 56%
[13:39:11] [Server thread/INFO]: Preparing spawn area: 60%
[13:39:11] [Server thread/INFO]: Preparing spawn area: 64%
[13:39:11] [Server thread/INFO]: Preparing spawn area: 68%
[13:39:11] [Server thread/INFO]: Preparing spawn area: 72%
[13:39:11] [Server thread/INFO]: Preparing spawn area: 76%
[13:39:11] [Server thread/INFO]: Preparing spawn area: 80%
[13:39:11] [Server thread/INFO]: Preparing spawn area: 84%
[13:39:11] [Server thread/INFO]: Preparing spawn area: 88%
[13:39:11] [Server thread/INFO]: Preparing spawn area: 92%
[13:39:11] [Server thread/INFO]: Preparing spawn area: 96%
[13:39:11] [Server thread/INFO]: Preparing spawn area: 100%
[13:39:11] [Server thread/INFO]: Time elapsed: 3445 ms
[13:39:11] [Server thread/INFO]: Done (8.135s)! For help, type "help"
