[13:37:51] [main/WARN]: Ambiguity between arguments [teleport, location] and [teleport, destination] with inputs: [0.1 -0.5 .9, 0 0 0]
[13:37:51] [main/WARN]: Ambiguity between arguments [teleport, location] and [teleport, targets] with inputs: [0.1 -0.5 .9, 0 0 0]
[13:37:51] [main/WARN]: Ambiguity between arguments [teleport, targets] and [teleport, destination] with inputs: [Player, 0123, dd12be42-52a9-4a91-a8a1-11c01849e498]
[13:37:51] [main/WARN]: Ambiguity between arguments [teleport, targets, location] and [teleport, targets, destination] with inputs: [0.1 -0.5 .9, 0 0 0]
[13:37:51] [main/INFO]: Loaded 0 recipes
[13:37:51] [main/INFO]: Loaded 0 advancements
[13:37:51] [Server thread/INFO]: Starting minecraft server version 1.13.1
[13:37:51] [Server thread/INFO]: Loading properties
[13:37:51] [Server thread/WARN]: You specified a resource pack without providing a sha1 hash. Pack will be updated on the client only if you change the name of the pack.
[13:37:51] [Server thread/INFO]: Default game type: SURVIVAL
[13:37:51] [Server thread/INFO]: Generating keypair
[13:37:51] [Server thread/INFO]: Starting Minecraft server on *:25567
[13:37:51] [Server thread/INFO]: Using default channel type
[13:37:52] [Server thread/WARN]: **** FAILED TO BIND TO PORT!
[13:37:52] [Server thread/WARN]: The exception was: java.net.BindException: Address already in use: bind
[13:37:52] [Server thread/WARN]: Perhaps a server is already running on that port?
[13:37:52] [Server thread/INFO]: Stopping server
[13:37:52] [Server thread/INFO]: Saving worlds
[13:37:52] [Server Shutdown Thread/INFO]: Stopping server
[13:37:52] [Server Shutdown Thread/INFO]: Saving worlds
