[16:24:46] [main/WARN]: Ambiguity between arguments [teleport, destination] and [teleport, targets] with inputs: [Player, 0123, @e, dd12be42-52a9-4a91-a8a1-11c01849e498]
[16:24:46] [main/WARN]: Ambiguity between arguments [teleport, location] and [teleport, destination] with inputs: [0.1 -0.5 .9, 0 0 0]
[16:24:46] [main/WARN]: Ambiguity between arguments [teleport, location] and [teleport, targets] with inputs: [0.1 -0.5 .9, 0 0 0]
[16:24:46] [main/WARN]: Ambiguity between arguments [teleport, targets] and [teleport, destination] with inputs: [Player, 0123, dd12be42-52a9-4a91-a8a1-11c01849e498]
[16:24:46] [main/WARN]: Ambiguity between arguments [teleport, targets, location] and [teleport, targets, destination] with inputs: [0.1 -0.5 .9, 0 0 0]
[16:24:46] [main/INFO]: Loaded 0 recipes
[16:24:46] [main/INFO]: Loaded 0 advancements
[16:24:46] [Server thread/INFO]: Starting minecraft server version 1.13.1
[16:24:46] [Server thread/INFO]: Loading properties
[16:24:46] [Server thread/WARN]: You specified a resource pack without providing a sha1 hash. Pack will be updated on the client only if you change the name of the pack.
[16:24:46] [Server thread/INFO]: Default game type: SURVIVAL
[16:24:46] [Server thread/INFO]: Generating keypair
[16:24:46] [Server thread/INFO]: Starting Minecraft server on *:25567
[16:24:47] [Server thread/INFO]: Using default channel type
[16:24:48] [Server thread/INFO]: Preparing level "world"
[16:24:48] [Server thread/INFO]: Reloading ResourceManager: Default, multiplayersleep
[16:24:49] [Server thread/INFO]: Loaded 524 recipes
[16:24:49] [Server thread/INFO]: Loaded 8 custom command functions
[16:24:50] [Server thread/INFO]: Loaded 573 advancements
[16:24:50] [Server thread/INFO]: Preparing start region for dimension minecraft:overworld
[16:24:50] [Server thread/INFO]: Preparing spawn area: 4%
[16:24:50] [Server thread/INFO]: Preparing spawn area: 8%
[16:24:50] [Server thread/INFO]: Preparing spawn area: 12%
[16:24:50] [Server thread/INFO]: Preparing spawn area: 16%
[16:24:50] [Server thread/INFO]: Preparing spawn area: 20%
[16:24:50] [Server thread/INFO]: Preparing spawn area: 24%
[16:24:51] [Server thread/INFO]: Preparing spawn area: 28%
[16:24:51] [Server thread/INFO]: Preparing spawn area: 32%
[16:24:51] [Server thread/INFO]: Preparing spawn area: 36%
[16:24:51] [Server thread/INFO]: Preparing spawn area: 40%
[16:24:51] [Server thread/INFO]: Preparing spawn area: 44%
[16:24:51] [Server thread/WARN]: Keeping entity minecraft:spider that already exists with UUID c0e27bff-143f-4e42-96e4-3d692c889b4d
[16:24:51] [Server thread/INFO]: Preparing spawn area: 48%
[16:24:51] [Server thread/INFO]: Preparing spawn area: 52%
[16:24:51] [Server thread/INFO]: Preparing spawn area: 56%
[16:24:51] [Server thread/INFO]: Preparing spawn area: 60%
[16:24:51] [Server thread/INFO]: Preparing spawn area: 64%
[16:24:51] [Server thread/INFO]: Preparing spawn area: 68%
[16:24:51] [Server thread/INFO]: Preparing spawn area: 72%
[16:24:51] [Server thread/INFO]: Preparing spawn area: 76%
[16:24:51] [Server thread/INFO]: Preparing spawn area: 80%
[16:24:51] [Server thread/INFO]: Preparing spawn area: 84%
[16:24:51] [Server thread/INFO]: Preparing spawn area: 88%
[16:24:51] [Server thread/INFO]: Preparing spawn area: 92%
[16:24:52] [Server thread/INFO]: Preparing spawn area: 96%
[16:24:52] [Server thread/INFO]: Preparing spawn area: 100%
[16:24:52] [Server thread/INFO]: Time elapsed: 1750 ms
[16:24:52] [Server thread/INFO]: Done (4.172s)! For help, type "help"
[19:18:10] [Server thread/WARN]: Can't keep up! Is the server overloaded? Running 2744ms or 54 ticks behind
